2025-01-02 18:31:01,494 INFO org.springframework.boot.StartupInfoLogger [main] Starting ErpProjectApplication using Java 17.0.9 on Sowz with PID 11140 (D:\ERP-Project-Jan24\ERP\target\classes started by sowja in D:\ERP-Project-Jan24\ERP)
2025-01-02 18:31:01,505 DEBUG org.springframework.boot.StartupInfoLogger [main] Running with Spring Boot v2.7.17, Spring v5.3.30
2025-01-02 18:31:01,507 INFO org.springframework.boot.SpringApplication [main] No active profile set, falling back to 1 default profile: "default"
2025-01-02 18:31:03,733 INFO org.springframework.data.repository.config.RepositoryConfigurationDelegate [main] Bootstrapping Spring Data JPA repositories in DEFAULT mode.
2025-01-02 18:31:04,071 INFO org.springframework.data.repository.config.RepositoryConfigurationDelegate [main] Finished Spring Data repository scanning in 292 ms. Found 14 JPA repository interfaces.
2025-01-02 18:31:05,978 INFO org.springframework.boot.web.embedded.tomcat.TomcatWebServer [main] Tomcat initialized with port(s): 8080 (http)
2025-01-02 18:31:05,996 INFO org.apache.juli.logging.DirectJDKLog [main] Initializing ProtocolHandler ["http-nio-8080"]
2025-01-02 18:31:06,014 INFO org.apache.juli.logging.DirectJDKLog [main] Starting service [Tomcat]
2025-01-02 18:31:06,016 INFO org.apache.juli.logging.DirectJDKLog [main] Starting Servlet engine: [Apache Tomcat/9.0.82]
2025-01-02 18:31:06,311 INFO org.apache.juli.logging.DirectJDKLog [main] Initializing Spring embedded WebApplicationContext
2025-01-02 18:31:06,314 INFO org.springframework.boot.web.servlet.context.ServletWebServerApplicationContext [main] Root WebApplicationContext: initialization completed in 4672 ms
2025-01-02 18:31:07,243 INFO com.zaxxer.hikari.HikariDataSource [main] HikariPool-1 - Starting...
2025-01-02 18:31:08,382 INFO com.zaxxer.hikari.HikariDataSource [main] HikariPool-1 - Start completed.
2025-01-02 18:31:08,581 INFO org.hibernate.jpa.internal.util.LogHelper [main] HHH000204: Processing PersistenceUnitInfo [name: default]
2025-01-02 18:31:08,780 INFO org.hibernate.Version [main] HHH000412: Hibernate ORM core version 5.6.15.Final
2025-01-02 18:31:09,423 INFO org.hibernate.annotations.common.reflection.java.JavaReflectionManager [main] HCANN000001: Hibernate Commons Annotations {5.1.2.Final}
2025-01-02 18:31:09,921 INFO org.hibernate.dialect.Dialect [main] HHH000400: Using dialect: org.hibernate.dialect.Oracle12cDialect
2025-01-02 18:31:12,809 INFO org.hibernate.engine.transaction.jta.platform.internal.JtaPlatformInitiator [main] HHH000490: Using JtaPlatform implementation: [org.hibernate.engine.transaction.jta.platform.internal.NoJtaPlatform]
2025-01-02 18:31:12,866 INFO org.springframework.orm.jpa.AbstractEntityManagerFactoryBean [main] Initialized JPA EntityManagerFactory for persistence unit 'default'
2025-01-02 18:31:14,419 WARN org.springframework.boot.autoconfigure.orm.jpa.JpaBaseConfiguration$JpaWebConfiguration [main] spring.jpa.open-in-view is enabled by default. Therefore, database queries may be performed during view rendering. Explicitly configure spring.jpa.open-in-view to disable this warning
2025-01-02 18:31:15,198 INFO org.apache.juli.logging.DirectJDKLog [main] Starting ProtocolHandler ["http-nio-8080"]
2025-01-02 18:31:15,238 INFO org.springframework.boot.web.embedded.tomcat.TomcatWebServer [main] Tomcat started on port(s): 8080 (http) with context path ''
2025-01-02 18:31:15,252 INFO org.springframework.boot.StartupInfoLogger [main] Started ErpProjectApplication in 15.082 seconds (JVM running for 16.041)
2025-01-02 18:32:06,079 INFO org.apache.juli.logging.DirectJDKLog [http-nio-8080-exec-1] Initializing Spring DispatcherServlet 'dispatcherServlet'
2025-01-02 18:32:06,079 INFO org.springframework.web.servlet.FrameworkServlet [http-nio-8080-exec-1] Initializing Servlet 'dispatcherServlet'
2025-01-02 18:32:06,079 INFO org.springframework.web.servlet.FrameworkServlet [http-nio-8080-exec-1] Completed initialization in 0 ms
2025-01-02 18:51:09,059 INFO org.springframework.boot.StartupInfoLogger [main] Starting ErpProjectApplication using Java 17.0.9 on Sowz with PID 3212 (D:\ERP-Project-Jan24\ERP\target\classes started by sowja in D:\ERP-Project-Jan24\ERP)
2025-01-02 18:51:09,063 DEBUG org.springframework.boot.StartupInfoLogger [main] Running with Spring Boot v2.7.17, Spring v5.3.30
2025-01-02 18:51:09,065 INFO org.springframework.boot.SpringApplication [main] No active profile set, falling back to 1 default profile: "default"
2025-01-02 18:51:10,406 INFO org.springframework.data.repository.config.RepositoryConfigurationDelegate [main] Bootstrapping Spring Data JPA repositories in DEFAULT mode.
2025-01-02 18:51:10,582 INFO org.springframework.data.repository.config.RepositoryConfigurationDelegate [main] Finished Spring Data repository scanning in 156 ms. Found 14 JPA repository interfaces.
2025-01-02 18:51:11,822 INFO org.springframework.boot.web.embedded.tomcat.TomcatWebServer [main] Tomcat initialized with port(s): 8080 (http)
2025-01-02 18:51:11,840 INFO org.apache.juli.logging.DirectJDKLog [main] Initializing ProtocolHandler ["http-nio-8080"]
2025-01-02 18:51:11,845 INFO org.apache.juli.logging.DirectJDKLog [main] Starting service [Tomcat]
2025-01-02 18:51:11,845 INFO org.apache.juli.logging.DirectJDKLog [main] Starting Servlet engine: [Apache Tomcat/9.0.82]
2025-01-02 18:51:12,060 INFO org.apache.juli.logging.DirectJDKLog [main] Initializing Spring embedded WebApplicationContext
2025-01-02 18:51:12,061 INFO org.springframework.boot.web.servlet.context.ServletWebServerApplicationContext [main] Root WebApplicationContext: initialization completed in 2882 ms
2025-01-02 18:51:12,425 INFO com.zaxxer.hikari.HikariDataSource [main] HikariPool-1 - Starting...
2025-01-02 18:51:19,717 INFO com.zaxxer.hikari.HikariDataSource [main] HikariPool-1 - Start completed.
2025-01-02 18:51:19,858 INFO org.hibernate.jpa.internal.util.LogHelper [main] HHH000204: Processing PersistenceUnitInfo [name: default]
2025-01-02 18:51:20,019 INFO org.hibernate.Version [main] HHH000412: Hibernate ORM core version 5.6.15.Final
2025-01-02 18:51:20,529 INFO org.hibernate.annotations.common.reflection.java.JavaReflectionManager [main] HCANN000001: Hibernate Commons Annotations {5.1.2.Final}
2025-01-02 18:51:20,906 INFO org.hibernate.dialect.Dialect [main] HHH000400: Using dialect: org.hibernate.dialect.Oracle12cDialect
2025-01-02 18:51:23,144 INFO org.hibernate.engine.transaction.jta.platform.internal.JtaPlatformInitiator [main] HHH000490: Using JtaPlatform implementation: [org.hibernate.engine.transaction.jta.platform.internal.NoJtaPlatform]
2025-01-02 18:51:23,169 INFO org.springframework.orm.jpa.AbstractEntityManagerFactoryBean [main] Initialized JPA EntityManagerFactory for persistence unit 'default'
2025-01-02 18:51:24,818 WARN org.springframework.context.support.AbstractApplicationContext [main] Exception encountered during context initialization - cancelling refresh attempt: org.springframework.beans.factory.UnsatisfiedDependencyException: Error creating bean with name 'studentDetailsController': Unsatisfied dependency expressed through field 'studentDetailsService'; nested exception is org.springframework.beans.factory.NoSuchBeanDefinitionException: No qualifying bean of type 'com.erp.business.StudentDetailsService' available: expected at least 1 bean which qualifies as autowire candidate. Dependency annotations: {@org.springframework.beans.factory.annotation.Autowired(required=true)}
2025-01-02 18:51:24,825 INFO org.springframework.orm.jpa.AbstractEntityManagerFactoryBean [main] Closing JPA EntityManagerFactory for persistence unit 'default'
2025-01-02 18:51:24,828 INFO com.zaxxer.hikari.HikariDataSource [main] HikariPool-1 - Shutdown initiated...
2025-01-02 18:51:24,855 INFO com.zaxxer.hikari.HikariDataSource [main] HikariPool-1 - Shutdown completed.
2025-01-02 18:51:24,859 INFO org.apache.juli.logging.DirectJDKLog [main] Stopping service [Tomcat]
2025-01-02 18:51:24,885 INFO org.springframework.boot.autoconfigure.logging.ConditionEvaluationReportLoggingListener [main] 

Error starting ApplicationContext. To display the conditions report re-run your application with 'debug' enabled.
2025-01-02 18:51:24,943 ERROR org.springframework.boot.diagnostics.LoggingFailureAnalysisReporter [main] 

***************************
APPLICATION FAILED TO START
***************************

Description:

Field studentDetailsService in com.erp.controller.StudentDetailsController required a bean of type 'com.erp.business.StudentDetailsService' that could not be found.

The injection point has the following annotations:
	- @org.springframework.beans.factory.annotation.Autowired(required=true)


Action:

Consider defining a bean of type 'com.erp.business.StudentDetailsService' in your configuration.

2025-01-02 18:52:19,783 INFO org.springframework.boot.StartupInfoLogger [main] Starting ErpProjectApplication using Java 17.0.9 on Sowz with PID 4100 (D:\ERP-Project-Jan24\ERP\target\classes started by sowja in D:\ERP-Project-Jan24\ERP)
2025-01-02 18:52:19,791 DEBUG org.springframework.boot.StartupInfoLogger [main] Running with Spring Boot v2.7.17, Spring v5.3.30
2025-01-02 18:52:19,794 INFO org.springframework.boot.SpringApplication [main] No active profile set, falling back to 1 default profile: "default"
2025-01-02 18:52:21,024 INFO org.springframework.data.repository.config.RepositoryConfigurationDelegate [main] Bootstrapping Spring Data JPA repositories in DEFAULT mode.
2025-01-02 18:52:21,236 INFO org.springframework.data.repository.config.RepositoryConfigurationDelegate [main] Finished Spring Data repository scanning in 192 ms. Found 14 JPA repository interfaces.
2025-01-02 18:52:22,436 INFO org.springframework.boot.web.embedded.tomcat.TomcatWebServer [main] Tomcat initialized with port(s): 8080 (http)
2025-01-02 18:52:22,452 INFO org.apache.juli.logging.DirectJDKLog [main] Initializing ProtocolHandler ["http-nio-8080"]
2025-01-02 18:52:22,459 INFO org.apache.juli.logging.DirectJDKLog [main] Starting service [Tomcat]
2025-01-02 18:52:22,459 INFO org.apache.juli.logging.DirectJDKLog [main] Starting Servlet engine: [Apache Tomcat/9.0.82]
2025-01-02 18:52:22,658 INFO org.apache.juli.logging.DirectJDKLog [main] Initializing Spring embedded WebApplicationContext
2025-01-02 18:52:22,658 INFO org.springframework.boot.web.servlet.context.ServletWebServerApplicationContext [main] Root WebApplicationContext: initialization completed in 2758 ms
2025-01-02 18:52:23,053 INFO com.zaxxer.hikari.HikariDataSource [main] HikariPool-1 - Starting...
2025-01-02 18:52:23,569 INFO com.zaxxer.hikari.HikariDataSource [main] HikariPool-1 - Start completed.
2025-01-02 18:52:23,650 INFO org.hibernate.jpa.internal.util.LogHelper [main] HHH000204: Processing PersistenceUnitInfo [name: default]
2025-01-02 18:52:23,734 INFO org.hibernate.Version [main] HHH000412: Hibernate ORM core version 5.6.15.Final
2025-01-02 18:52:24,022 INFO org.hibernate.annotations.common.reflection.java.JavaReflectionManager [main] HCANN000001: Hibernate Commons Annotations {5.1.2.Final}
2025-01-02 18:52:24,212 INFO org.hibernate.dialect.Dialect [main] HHH000400: Using dialect: org.hibernate.dialect.Oracle12cDialect
2025-01-02 18:52:25,954 INFO org.hibernate.engine.transaction.jta.platform.internal.JtaPlatformInitiator [main] HHH000490: Using JtaPlatform implementation: [org.hibernate.engine.transaction.jta.platform.internal.NoJtaPlatform]
2025-01-02 18:52:25,995 INFO org.springframework.orm.jpa.AbstractEntityManagerFactoryBean [main] Initialized JPA EntityManagerFactory for persistence unit 'default'
2025-01-02 18:52:27,654 WARN org.springframework.boot.autoconfigure.orm.jpa.JpaBaseConfiguration$JpaWebConfiguration [main] spring.jpa.open-in-view is enabled by default. Therefore, database queries may be performed during view rendering. Explicitly configure spring.jpa.open-in-view to disable this warning
2025-01-02 18:52:28,467 INFO org.apache.juli.logging.DirectJDKLog [main] Starting ProtocolHandler ["http-nio-8080"]
2025-01-02 18:52:28,511 INFO org.springframework.boot.web.embedded.tomcat.TomcatWebServer [main] Tomcat started on port(s): 8080 (http) with context path ''
2025-01-02 18:52:28,532 INFO org.springframework.boot.StartupInfoLogger [main] Started ErpProjectApplication in 9.951 seconds (JVM running for 10.744)
2025-01-02 19:10:13,662 WARN com.zaxxer.hikari.pool.HikariPool$HouseKeeper [HikariPool-1 housekeeper] HikariPool-1 - Thread starvation or clock leap detected (housekeeper delta=2m17s171ms934µs500ns).
2025-01-02 19:15:18,503 WARN com.zaxxer.hikari.pool.HikariPool$HouseKeeper [HikariPool-1 housekeeper] HikariPool-1 - Thread starvation or clock leap detected (housekeeper delta=2m34s802ms685µs600ns).
2025-01-02 20:05:28,249 WARN com.zaxxer.hikari.pool.HikariPool$HouseKeeper [HikariPool-1 housekeeper] HikariPool-1 - Thread starvation or clock leap detected (housekeeper delta=47m9s715ms1µs300ns).
