2024-04-06 10:39:13,598 INFO org.springframework.boot.StartupInfoLogger [main] Starting ErpProjectApplication using Java 17.0.9 on Sowz with PID 25512 (D:\ERP-Project-Jan24\ERP\target\classes started by sowja in D:\ERP-Project-Jan24\ERP)
2024-04-06 10:39:13,607 DEBUG org.springframework.boot.StartupInfoLogger [main] Running with Spring Boot v2.7.17, Spring v5.3.30
2024-04-06 10:39:13,607 INFO org.springframework.boot.SpringApplication [main] No active profile set, falling back to 1 default profile: "default"
2024-04-06 10:39:14,630 INFO org.springframework.data.repository.config.RepositoryConfigurationDelegate [main] Bootstrapping Spring Data JPA repositories in DEFAULT mode.
2024-04-06 10:39:14,752 INFO org.springframework.data.repository.config.RepositoryConfigurationDelegate [main] Finished Spring Data repository scanning in 100 ms. Found 12 JPA repository interfaces.
2024-04-06 10:39:15,637 INFO org.springframework.boot.web.embedded.tomcat.TomcatWebServer [main] Tomcat initialized with port(s): 8080 (http)
2024-04-06 10:39:15,648 INFO org.apache.juli.logging.DirectJDKLog [main] Initializing ProtocolHandler ["http-nio-8080"]
2024-04-06 10:39:15,659 INFO org.apache.juli.logging.DirectJDKLog [main] Starting service [Tomcat]
2024-04-06 10:39:15,659 INFO org.apache.juli.logging.DirectJDKLog [main] Starting Servlet engine: [Apache Tomcat/9.0.82]
2024-04-06 10:39:15,817 INFO org.apache.juli.logging.DirectJDKLog [main] Initializing Spring embedded WebApplicationContext
2024-04-06 10:39:15,817 INFO org.springframework.boot.web.servlet.context.ServletWebServerApplicationContext [main] Root WebApplicationContext: initialization completed in 2106 ms
2024-04-06 10:39:16,177 INFO com.zaxxer.hikari.HikariDataSource [main] HikariPool-1 - Starting...
2024-04-06 10:39:17,063 INFO com.zaxxer.hikari.HikariDataSource [main] HikariPool-1 - Start completed.
2024-04-06 10:39:17,163 INFO org.hibernate.jpa.internal.util.LogHelper [main] HHH000204: Processing PersistenceUnitInfo [name: default]
2024-04-06 10:39:17,280 INFO org.hibernate.Version [main] HHH000412: Hibernate ORM core version 5.6.15.Final
2024-04-06 10:39:17,570 INFO org.hibernate.annotations.common.reflection.java.JavaReflectionManager [main] HCANN000001: Hibernate Commons Annotations {5.1.2.Final}
2024-04-06 10:39:17,763 INFO org.hibernate.dialect.Dialect [main] HHH000400: Using dialect: org.hibernate.dialect.Oracle12cDialect
2024-04-06 10:39:19,106 INFO org.hibernate.engine.transaction.jta.platform.internal.JtaPlatformInitiator [main] HHH000490: Using JtaPlatform implementation: [org.hibernate.engine.transaction.jta.platform.internal.NoJtaPlatform]
2024-04-06 10:39:19,130 INFO org.springframework.orm.jpa.AbstractEntityManagerFactoryBean [main] Initialized JPA EntityManagerFactory for persistence unit 'default'
2024-04-06 10:39:20,641 WARN org.springframework.boot.autoconfigure.orm.jpa.JpaBaseConfiguration$JpaWebConfiguration [main] spring.jpa.open-in-view is enabled by default. Therefore, database queries may be performed during view rendering. Explicitly configure spring.jpa.open-in-view to disable this warning
2024-04-06 10:39:23,129 INFO org.apache.juli.logging.DirectJDKLog [main] Starting ProtocolHandler ["http-nio-8080"]
2024-04-06 10:39:23,632 INFO org.springframework.boot.web.embedded.tomcat.TomcatWebServer [main] Tomcat started on port(s): 8080 (http) with context path ''
2024-04-06 10:39:23,657 INFO org.springframework.boot.StartupInfoLogger [main] Started ErpProjectApplication in 10.856 seconds (JVM running for 11.562)
2024-04-06 11:21:44,002 INFO org.springframework.boot.StartupInfoLogger [main] Starting ErpProjectApplication using Java 17.0.9 on Sowz with PID 23060 (D:\ERP-Project-Jan24\ERP\target\classes started by sowja in D:\ERP-Project-Jan24\ERP)
2024-04-06 11:21:44,004 DEBUG org.springframework.boot.StartupInfoLogger [main] Running with Spring Boot v2.7.17, Spring v5.3.30
2024-04-06 11:21:44,005 INFO org.springframework.boot.SpringApplication [main] No active profile set, falling back to 1 default profile: "default"
2024-04-06 11:21:44,544 INFO org.springframework.data.repository.config.RepositoryConfigurationDelegate [main] Bootstrapping Spring Data JPA repositories in DEFAULT mode.
2024-04-06 11:21:44,620 INFO org.springframework.data.repository.config.RepositoryConfigurationDelegate [main] Finished Spring Data repository scanning in 67 ms. Found 12 JPA repository interfaces.
2024-04-06 11:21:45,089 INFO org.springframework.boot.web.embedded.tomcat.TomcatWebServer [main] Tomcat initialized with port(s): 8080 (http)
2024-04-06 11:21:45,098 INFO org.apache.juli.logging.DirectJDKLog [main] Initializing ProtocolHandler ["http-nio-8080"]
2024-04-06 11:21:45,102 INFO org.apache.juli.logging.DirectJDKLog [main] Starting service [Tomcat]
2024-04-06 11:21:45,103 INFO org.apache.juli.logging.DirectJDKLog [main] Starting Servlet engine: [Apache Tomcat/9.0.82]
2024-04-06 11:21:45,202 INFO org.apache.juli.logging.DirectJDKLog [main] Initializing Spring embedded WebApplicationContext
2024-04-06 11:21:45,202 INFO org.springframework.boot.web.servlet.context.ServletWebServerApplicationContext [main] Root WebApplicationContext: initialization completed in 1128 ms
2024-04-06 11:21:45,419 INFO com.zaxxer.hikari.HikariDataSource [main] HikariPool-1 - Starting...
2024-04-06 11:21:45,667 INFO com.zaxxer.hikari.HikariDataSource [main] HikariPool-1 - Start completed.
2024-04-06 11:21:45,704 INFO org.hibernate.jpa.internal.util.LogHelper [main] HHH000204: Processing PersistenceUnitInfo [name: default]
2024-04-06 11:21:45,760 INFO org.hibernate.Version [main] HHH000412: Hibernate ORM core version 5.6.15.Final
2024-04-06 11:21:45,920 INFO org.hibernate.annotations.common.reflection.java.JavaReflectionManager [main] HCANN000001: Hibernate Commons Annotations {5.1.2.Final}
2024-04-06 11:21:46,032 INFO org.hibernate.dialect.Dialect [main] HHH000400: Using dialect: org.hibernate.dialect.Oracle12cDialect
2024-04-06 11:21:46,601 INFO org.hibernate.engine.transaction.jta.platform.internal.JtaPlatformInitiator [main] HHH000490: Using JtaPlatform implementation: [org.hibernate.engine.transaction.jta.platform.internal.NoJtaPlatform]
2024-04-06 11:21:46,608 INFO org.springframework.orm.jpa.AbstractEntityManagerFactoryBean [main] Initialized JPA EntityManagerFactory for persistence unit 'default'
2024-04-06 11:21:47,124 WARN org.springframework.boot.autoconfigure.orm.jpa.JpaBaseConfiguration$JpaWebConfiguration [main] spring.jpa.open-in-view is enabled by default. Therefore, database queries may be performed during view rendering. Explicitly configure spring.jpa.open-in-view to disable this warning
2024-04-06 11:21:47,356 INFO org.apache.juli.logging.DirectJDKLog [main] Starting ProtocolHandler ["http-nio-8080"]
2024-04-06 11:21:47,372 INFO org.springframework.boot.web.embedded.tomcat.TomcatWebServer [main] Tomcat started on port(s): 8080 (http) with context path ''
2024-04-06 11:21:47,380 INFO org.springframework.boot.StartupInfoLogger [main] Started ErpProjectApplication in 3.773 seconds (JVM running for 4.172)
2024-04-06 11:36:00,525 INFO org.apache.juli.logging.DirectJDKLog [http-nio-8080-exec-3] Initializing Spring DispatcherServlet 'dispatcherServlet'
2024-04-06 11:36:00,525 INFO org.springframework.web.servlet.FrameworkServlet [http-nio-8080-exec-3] Initializing Servlet 'dispatcherServlet'
2024-04-06 11:36:00,526 INFO org.springframework.web.servlet.FrameworkServlet [http-nio-8080-exec-3] Completed initialization in 1 ms
2024-04-06 11:43:57,858 INFO org.springframework.boot.StartupInfoLogger [main] Starting ErpProjectApplication using Java 17.0.9 on Sowz with PID 25552 (D:\ERP-Project-Jan24\ERP\target\classes started by sowja in D:\ERP-Project-Jan24\ERP)
2024-04-06 11:43:57,860 DEBUG org.springframework.boot.StartupInfoLogger [main] Running with Spring Boot v2.7.17, Spring v5.3.30
2024-04-06 11:43:57,861 INFO org.springframework.boot.SpringApplication [main] No active profile set, falling back to 1 default profile: "default"
2024-04-06 11:43:58,302 INFO org.springframework.data.repository.config.RepositoryConfigurationDelegate [main] Bootstrapping Spring Data JPA repositories in DEFAULT mode.
2024-04-06 11:43:58,367 INFO org.springframework.data.repository.config.RepositoryConfigurationDelegate [main] Finished Spring Data repository scanning in 56 ms. Found 12 JPA repository interfaces.
2024-04-06 11:43:58,759 INFO org.springframework.boot.web.embedded.tomcat.TomcatWebServer [main] Tomcat initialized with port(s): 8080 (http)
2024-04-06 11:43:58,765 INFO org.apache.juli.logging.DirectJDKLog [main] Initializing ProtocolHandler ["http-nio-8080"]
2024-04-06 11:43:58,771 INFO org.apache.juli.logging.DirectJDKLog [main] Starting service [Tomcat]
2024-04-06 11:43:58,771 INFO org.apache.juli.logging.DirectJDKLog [main] Starting Servlet engine: [Apache Tomcat/9.0.82]
2024-04-06 11:43:58,844 INFO org.apache.juli.logging.DirectJDKLog [main] Initializing Spring embedded WebApplicationContext
2024-04-06 11:43:58,844 INFO org.springframework.boot.web.servlet.context.ServletWebServerApplicationContext [main] Root WebApplicationContext: initialization completed in 941 ms
2024-04-06 11:43:59,009 INFO com.zaxxer.hikari.HikariDataSource [main] HikariPool-1 - Starting...
2024-04-06 11:43:59,204 INFO com.zaxxer.hikari.HikariDataSource [main] HikariPool-1 - Start completed.
2024-04-06 11:43:59,231 INFO org.hibernate.jpa.internal.util.LogHelper [main] HHH000204: Processing PersistenceUnitInfo [name: default]
2024-04-06 11:43:59,259 INFO org.hibernate.Version [main] HHH000412: Hibernate ORM core version 5.6.15.Final
2024-04-06 11:43:59,364 INFO org.hibernate.annotations.common.reflection.java.JavaReflectionManager [main] HCANN000001: Hibernate Commons Annotations {5.1.2.Final}
2024-04-06 11:43:59,459 INFO org.hibernate.dialect.Dialect [main] HHH000400: Using dialect: org.hibernate.dialect.Oracle12cDialect
2024-04-06 11:43:59,968 INFO org.hibernate.engine.transaction.jta.platform.internal.JtaPlatformInitiator [main] HHH000490: Using JtaPlatform implementation: [org.hibernate.engine.transaction.jta.platform.internal.NoJtaPlatform]
2024-04-06 11:43:59,974 INFO org.springframework.orm.jpa.AbstractEntityManagerFactoryBean [main] Initialized JPA EntityManagerFactory for persistence unit 'default'
2024-04-06 11:44:00,422 WARN org.springframework.boot.autoconfigure.orm.jpa.JpaBaseConfiguration$JpaWebConfiguration [main] spring.jpa.open-in-view is enabled by default. Therefore, database queries may be performed during view rendering. Explicitly configure spring.jpa.open-in-view to disable this warning
2024-04-06 11:44:00,640 INFO org.apache.juli.logging.DirectJDKLog [main] Starting ProtocolHandler ["http-nio-8080"]
2024-04-06 11:44:00,655 INFO org.springframework.boot.web.embedded.tomcat.TomcatWebServer [main] Tomcat started on port(s): 8080 (http) with context path ''
2024-04-06 11:44:00,662 INFO org.springframework.boot.StartupInfoLogger [main] Started ErpProjectApplication in 3.12 seconds (JVM running for 3.431)
2024-04-06 11:44:16,912 INFO org.apache.juli.logging.DirectJDKLog [http-nio-8080-exec-5] Initializing Spring DispatcherServlet 'dispatcherServlet'
2024-04-06 11:44:16,913 INFO org.springframework.web.servlet.FrameworkServlet [http-nio-8080-exec-5] Initializing Servlet 'dispatcherServlet'
2024-04-06 11:44:16,913 INFO org.springframework.web.servlet.FrameworkServlet [http-nio-8080-exec-5] Completed initialization in 0 ms
